This is pdfTeX, Version 3.141592653-2.6-1.40.24 (MiKTeX 22.3) (preloaded format=pdflatex 2022.4.19)  18 JUL 2022 19:02
entering extended mode
 restricted \write18 enabled.
 %&-line parsing enabled.
**./00_PRJ_main.tex
(00_PRJ_main.tex
LaTeX2e <2021-11-15> patch level 1
L3 programming layer <2022-02-24> (D:\Latex\tex/latex/base\book.cls
Document Class: book 2021/10/04 v1.4n Standard LaTeX document class
(D:\Latex\tex/latex/base\bk12.clo
File: bk12.clo 2021/10/04 v1.4n Standard LaTeX file (size option)
)
\c@part=\count185
\c@chapter=\count186
\c@section=\count187
\c@subsection=\count188
\c@subsubsection=\count189
\c@paragraph=\count190
\c@subparagraph=\count191
\c@figure=\count192
\c@table=\count193
\abovecaptionskip=\skip47
\belowcaptionskip=\skip48
\bibindent=\dimen138
) (D:\Latex\tex/latex/base\inputenc.sty
Package: inputenc 2021/02/14 v1.3d Input encoding file
\inpenc@prehook=\toks16
\inpenc@posthook=\toks17

(D:\Latex\tex/latex/base\latin1.def
File: latin1.def 2021/02/14 v1.3d Input encoding file
)) (D:\Latex\tex/generic/babel\babel.sty
Package: babel 2022/02/26 3.73 The Babel package
\babel@savecnt=\count194
\U@D=\dimen139
\l@unhyphenated=\language79

(D:\Latex\tex/generic/babel\txtbabel.def)
\bbl@readstream=\read2
\bbl@dirlevel=\count195

*************************************
* Local config file bblopts.cfg used
*
(D:\Latex\tex/latex/arabi\bblopts.cfg
File: bblopts.cfg 2005/09/08 v0.1 add Arabic and Farsi to "declared" options of
 babel
)
(D:\Latex\tex/latex/babel-portuges\portuguese.ldf
Language: portuges 2021/07/09 v1.2t Portuguese support from the babel system
Package babel Info: Making " an active character on input line 143.
))
(D:\Latex\tex/latex/graphics\graphicx.sty
Package: graphicx 2021/09/16 v1.2d Enhanced LaTeX Graphics (DPC,SPQR)

(D:\Latex\tex/latex/graphics\keyval.sty
Package: keyval 2014/10/28 v1.15 key=value parser (DPC)
\KV@toks@=\toks18
)
(D:\Latex\tex/latex/graphics\graphics.sty
Package: graphics 2021/03/04 v1.4d Standard LaTeX Graphics (DPC,SPQR)
 (D:\Latex\tex/latex/graphics\trig.sty
Package: trig 2021/08/11 v1.11 sin cos tan (DPC)
) (D:\Latex\tex/latex/graphics-cfg\graphics.cfg
File: graphics.cfg 2016/06/04 v1.11 sample graphics configuration
)
Package graphics Info: Driver file: pdftex.def on input line 107.

(D:\Latex\tex/latex/graphics-def\pdftex.def
File: pdftex.def 2020/10/05 v1.2a Graphics/color driver for pdftex
))
\Gin@req@height=\dimen140
\Gin@req@width=\dimen141
) (D:\Latex\tex/latex/url\url.sty
\Urlmuskip=\muskip16
Package: url 2013/09/16  ver 3.4  Verb mode for urls, etc.
) (D:\Latex\tex/latex/tools\verbatim.sty
Package: verbatim 2020-07-07 v1.5u LaTeX2e package for verbatim enhancements
\every@verbatim=\toks19
\verbatim@line=\toks20
\verbatim@in@stream=\read3
)
(D:\Latex\tex/latex/multirow\multirow.sty
Package: multirow 2021/03/15 v2.8 Span multiple rows of a table
\multirow@colwidth=\skip49
\multirow@cntb=\count196
\multirow@dima=\skip50
\bigstrutjot=\dimen142
)
(D:\Latex\tex/latex/amsmath\amsmath.sty
Package: amsmath 2021/10/15 v2.17l AMS math features
\@mathmargin=\skip51

For additional information on amsmath, use the `?' option.
(D:\Latex\tex/latex/amsmath\amstext.sty
Package: amstext 2021/08/26 v2.01 AMS text
 (D:\Latex\tex/latex/amsmath\amsgen.sty
File: amsgen.sty 1999/11/30 v2.0 generic functions
\@emptytoks=\toks21
\ex@=\dimen143
)) (D:\Latex\tex/latex/amsmath\amsbsy.sty
Package: amsbsy 1999/11/29 v1.2d Bold Symbols
\pmbraise@=\dimen144
)
(D:\Latex\tex/latex/amsmath\amsopn.sty
Package: amsopn 2021/08/26 v2.02 operator names
)
\inf@bad=\count197
LaTeX Info: Redefining \frac on input line 234.
\uproot@=\count198
\leftroot@=\count199
LaTeX Info: Redefining \overline on input line 399.
\classnum@=\count266
\DOTSCASE@=\count267
LaTeX Info: Redefining \ldots on input line 496.
LaTeX Info: Redefining \dots on input line 499.
LaTeX Info: Redefining \cdots on input line 620.
\Mathstrutbox@=\box50
\strutbox@=\box51
\big@size=\dimen145
LaTeX Font Info:    Redeclaring font encoding OML on input line 743.
LaTeX Font Info:    Redeclaring font encoding OMS on input line 744.
\macc@depth=\count268
\c@MaxMatrixCols=\count269
\dotsspace@=\muskip17
\c@parentequation=\count270
\dspbrk@lvl=\count271
\tag@help=\toks22
\row@=\count272
\column@=\count273
\maxfields@=\count274
\andhelp@=\toks23
\eqnshift@=\dimen146
\alignsep@=\dimen147
\tagshift@=\dimen148
\tagwidth@=\dimen149
\totwidth@=\dimen150
\lineht@=\dimen151
\@envbody=\toks24
\multlinegap=\skip52
\multlinetaggap=\skip53
\mathdisplay@stack=\toks25
LaTeX Info: Redefining \[ on input line 2938.
LaTeX Info: Redefining \] on input line 2939.
)
(D:\Latex\tex/latex/doublestroke\dsfont.sty
Package: dsfont 1995/08/01 v0.1 Double stroke roman fonts
)
(D:\Latex\tex/latex/tabls\tabls.sty
\tablinesep=\dimen152
\arraylinesep=\dimen153
\extrarulesep=\dimen154
\@arstdepth=\dimen155
\@arstheight=\dimen156
\@skip@bove=\dimen157
) (D:\Latex\tex/latex/listings\listings.sty
\lst@mode=\count275
\lst@gtempboxa=\box52
\lst@token=\toks26
\lst@length=\count276
\lst@currlwidth=\dimen158
\lst@column=\count277
\lst@pos=\count278
\lst@lostspace=\dimen159
\lst@width=\dimen160
\lst@newlines=\count279
\lst@lineno=\count280
\lst@maxwidth=\dimen161

(D:\Latex\tex/latex/listings\lstmisc.sty
File: lstmisc.sty 2020/03/24 1.8d (Carsten Heinz)
\c@lstnumber=\count281
\lst@skipnumbers=\count282
\lst@framebox=\box53
)
(D:\Latex\tex/latex/listings\listings.cfg
File: listings.cfg 2020/03/24 1.8d listings configuration
))
Package: listings 2020/03/24 1.8d (Carsten Heinz)

(D:\Latex\tex/latex/algorithms\algorithm.sty
Package: algorithm 2009/08/24 v0.1 Document Style `algorithm' - floating enviro
nment

(D:\Latex\tex/latex/float\float.sty
Package: float 2001/11/08 v1.3d Float enhancements (AL)
\c@float@type=\count283
\float@exts=\toks27
\float@box=\box54
\@float@everytoks=\toks28
\@floatcapt=\box55
) (D:\Latex\tex/latex/base\ifthen.sty
Package: ifthen 2020/11/24 v1.1c Standard LaTeX ifthen package (DPC)
)
\@float@every@algorithm=\toks29
\c@algorithm=\count284
)
(D:\Latex\tex/latex/chngcntr\chngcntr.sty
Package: chngcntr 2018/04/09 v1.1a change counter resetting
Package chngcntr Info: \counterwithout already defined.
(chngcntr)             Quitting chngcntr on input line 21.
)
(D:\Latex\tex/latex/fancyhdr\fancyhdr.sty
Package: fancyhdr 2021/01/28 v4.0.1 Extensive control of page headers and foote
rs
\f@nch@headwidth=\skip54
\f@nch@O@elh=\skip55
\f@nch@O@erh=\skip56
\f@nch@O@olh=\skip57
\f@nch@O@orh=\skip58
\f@nch@O@elf=\skip59
\f@nch@O@erf=\skip60
\f@nch@O@olf=\skip61
\f@nch@O@orf=\skip62
)
(D:\Latex\tex/latex/hyperref\hyperref.sty
Package: hyperref 2022-02-21 v7.00n Hypertext links for LaTeX

(D:\Latex\tex/generic/ltxcmds\ltxcmds.sty
Package: ltxcmds 2020-05-10 v1.25 LaTeX kernel commands for general use (HO)
)
(D:\Latex\tex/generic/iftex\iftex.sty
Package: iftex 2022/02/03 v1.0f TeX engine tests
)
(D:\Latex\tex/generic/pdftexcmds\pdftexcmds.sty
Package: pdftexcmds 2020-06-27 v0.33 Utility functions of pdfTeX for LuaTeX (HO
)

(D:\Latex\tex/generic/infwarerr\infwarerr.sty
Package: infwarerr 2019/12/03 v1.5 Providing info/warning/error messages (HO)
)
Package pdftexcmds Info: \pdf@primitive is available.
Package pdftexcmds Info: \pdf@ifprimitive is available.
Package pdftexcmds Info: \pdfdraftmode found.
)
(D:\Latex\tex/generic/kvsetkeys\kvsetkeys.sty
Package: kvsetkeys 2019/12/15 v1.18 Key value parser (HO)
)
(D:\Latex\tex/generic/kvdefinekeys\kvdefinekeys.sty
Package: kvdefinekeys 2019-12-19 v1.6 Define keys (HO)
)
(D:\Latex\tex/generic/pdfescape\pdfescape.sty
Package: pdfescape 2019/12/09 v1.15 Implements pdfTeX's escape features (HO)
)
(D:\Latex\tex/latex/hycolor\hycolor.sty
Package: hycolor 2020-01-27 v1.10 Color options for hyperref/bookmark (HO)
)
(D:\Latex\tex/latex/letltxmacro\letltxmacro.sty
Package: letltxmacro 2019/12/03 v1.6 Let assignment for LaTeX macros (HO)
)
(D:\Latex\tex/latex/auxhook\auxhook.sty
Package: auxhook 2019-12-17 v1.6 Hooks for auxiliary files (HO)
)
(D:\Latex\tex/latex/kvoptions\kvoptions.sty
Package: kvoptions 2020-10-07 v3.14 Key value format for package options (HO)
)
\@linkdim=\dimen162
\Hy@linkcounter=\count285
\Hy@pagecounter=\count286

(D:\Latex\tex/latex/hyperref\pd1enc.def
File: pd1enc.def 2022-02-21 v7.00n Hyperref: PDFDocEncoding definition (HO)
Now handling font encoding PD1 ...
... no UTF-8 mapping file for font encoding PD1
)
(D:\Latex\tex/generic/intcalc\intcalc.sty
Package: intcalc 2019/12/15 v1.3 Expandable calculations with integers (HO)
)
(D:\Latex\tex/generic/etexcmds\etexcmds.sty
Package: etexcmds 2019/12/15 v1.7 Avoid name clashes with e-TeX commands (HO)
)
\Hy@SavedSpaceFactor=\count287

(D:\Latex\tex/latex/hyperref\puenc.def
File: puenc.def 2022-02-21 v7.00n Hyperref: PDF Unicode definition (HO)
Now handling font encoding PU ...
... no UTF-8 mapping file for font encoding PU
)
Package hyperref Info: Hyper figures OFF on input line 4137.
Package hyperref Info: Link nesting OFF on input line 4142.
Package hyperref Info: Hyper index ON on input line 4145.
Package hyperref Info: Plain pages OFF on input line 4152.
Package hyperref Info: Backreferencing OFF on input line 4157.
Package hyperref Info: Implicit mode ON; LaTeX internals redefined.
Package hyperref Info: Bookmarks ON on input line 4390.
\c@Hy@tempcnt=\count288
LaTeX Info: Redefining \url on input line 4749.
\XeTeXLinkMargin=\dimen163
 (D:\Latex\tex/generic/bitset\bitset.sty
Package: bitset 2019/12/09 v1.3 Handle bit-vector datatype (HO)
(D:\Latex\tex/generic/bigintcalc\bigintcalc.sty
Package: bigintcalc 2019/12/15 v1.5 Expandable calculations on big integers (HO
)
))
\Fld@menulength=\count289
\Field@Width=\dimen164
\Fld@charsize=\dimen165
Package hyperref Info: Hyper figures OFF on input line 6027.
Package hyperref Info: Link nesting OFF on input line 6032.
Package hyperref Info: Hyper index ON on input line 6035.
Package hyperref Info: backreferencing OFF on input line 6042.
Package hyperref Info: Link coloring OFF on input line 6047.
Package hyperref Info: Link coloring with OCG OFF on input line 6052.
Package hyperref Info: PDF/A mode OFF on input line 6057.
LaTeX Info: Redefining \ref on input line 6097.
LaTeX Info: Redefining \pageref on input line 6101.

(D:\Latex\tex/latex/base\atbegshi-ltx.sty
Package: atbegshi-ltx 2021/01/10 v1.0c Emulation of the original atbegshi
package with kernel methods
)
\Hy@abspage=\count290
\c@Item=\count291
\c@Hfootnote=\count292
)
Package hyperref Info: Driver (autodetected): hpdftex.

(D:\Latex\tex/latex/hyperref\hpdftex.def
File: hpdftex.def 2022-02-21 v7.00n Hyperref driver for pdfTeX

(D:\Latex\tex/latex/base\atveryend-ltx.sty
Package: atveryend-ltx 2020/08/19 v1.0a Emulation of the original atveryend pac
kage
with kernel methods
)
\Fld@listcount=\count293
\c@bookmark@seq@number=\count294

(D:\Latex\tex/latex/rerunfilecheck\rerunfilecheck.sty
Package: rerunfilecheck 2019/12/05 v1.9 Rerun checks for auxiliary files (HO)

(D:\Latex\tex/generic/uniquecounter\uniquecounter.sty
Package: uniquecounter 2019/12/15 v1.4 Provide unlimited unique counter (HO)
)
Package uniquecounter Info: New unique counter `rerunfilecheck' on input line 2
86.
)
\Hy@SectionHShift=\skip63
) (00_PRJ_padrao.sty
\defbaselineskip=\skip64
)
(D:\Latex\tex/latex/l3backend\l3backend-pdftex.def
File: l3backend-pdftex.def 2022-02-07 L3 backend support: PDF output (pdfTeX)
\l__color_backend_stack_int=\count295
\l__pdf_internal_box=\box56
) (00_PRJ_main.aux
(00a_PRJ_resumo_abstract.aux) (00b_PRJ_agradecimentos.aux)
(00c_PRJ_dedicatoria.aux))
\openout1 = `00_PRJ_main.aux'.

LaTeX Font Info:    Checking defaults for OML/cmm/m/it on input line 126.
LaTeX Font Info:    ... okay on input line 126.
LaTeX Font Info:    Checking defaults for OMS/cmsy/m/n on input line 126.
LaTeX Font Info:    ... okay on input line 126.
LaTeX Font Info:    Checking defaults for OT1/cmr/m/n on input line 126.
LaTeX Font Info:    ... okay on input line 126.
LaTeX Font Info:    Checking defaults for T1/cmr/m/n on input line 126.
LaTeX Font Info:    ... okay on input line 126.
LaTeX Font Info:    Checking defaults for TS1/cmr/m/n on input line 126.
LaTeX Font Info:    ... okay on input line 126.
LaTeX Font Info:    Checking defaults for OMX/cmex/m/n on input line 126.
LaTeX Font Info:    ... okay on input line 126.
LaTeX Font Info:    Checking defaults for U/cmr/m/n on input line 126.
LaTeX Font Info:    ... okay on input line 126.
LaTeX Font Info:    Checking defaults for PD1/pdf/m/n on input line 126.
LaTeX Font Info:    ... okay on input line 126.
LaTeX Font Info:    Checking defaults for PU/pdf/m/n on input line 126.
LaTeX Font Info:    ... okay on input line 126.
 (D:\Latex\tex/context/base/mkii\supp-pdf.mkii
[Loading MPS to PDF converter (version 2006.09.02).]
\scratchcounter=\count296
\scratchdimen=\dimen166
\scratchbox=\box57
\nofMPsegments=\count297
\nofMParguments=\count298
\everyMPshowfont=\toks30
\MPscratchCnt=\count299
\MPscratchDim=\dimen167
\MPnumerator=\count300
\makeMPintoPDFobject=\count301
\everyMPtoPDFconversion=\toks31
) (D:\Latex\tex/latex/epstopdf-pkg\epstopdf-base.sty
Package: epstopdf-base 2020-01-24 v2.11 Base part for package epstopdf
Package epstopdf-base Info: Redefining graphics rule for `.eps' on input line 4
85.

(D:\Latex\tex/latex/00miktex\epstopdf-sys.cfg
File: epstopdf-sys.cfg 2021/03/18 v2.0 Configuration of epstopdf for MiKTeX
))
\c@lstlisting=\count302
Package hyperref Info: Link coloring OFF on input line 126.

(D:\Latex\tex/latex/hyperref\nameref.sty
Package: nameref 2021-04-02 v2.47 Cross-referencing by name of section

(D:\Latex\tex/latex/refcount\refcount.sty
Package: refcount 2019/12/15 v3.6 Data extraction from label references (HO)
)
(D:\Latex\tex/generic/gettitlestring\gettitlestring.sty
Package: gettitlestring 2019/12/15 v1.6 Cleanup title references (HO)
)
\c@section@level=\count303
)
LaTeX Info: Redefining \ref on input line 126.
LaTeX Info: Redefining \pageref on input line 126.
LaTeX Info: Redefining \nameref on input line 126.
 (00_PRJ_main.out)
(00_PRJ_main.out)
\@outlinefile=\write3
\openout3 = `00_PRJ_main.out'.

<./fig_logo_ISEL.png, id=155, 464.4552pt x 456.7464pt>
File: ./fig_logo_ISEL.png Graphic file (type png)
<use ./fig_logo_ISEL.png>
Package pdftex.def Info: ./fig_logo_ISEL.png  used on input line 132.
(pdftex.def)             Requested size: 49.79231pt x 48.95988pt.
 [1



{C:/Users/pncdi/AppData/Local/MiKTeX/fonts/map/pdftex/pdftex.map} <./fig_logo_I
SEL.png>] [0

]
\openout2 = `./00a_PRJ_resumo_abstract.aux'.

 (00a_PRJ_resumo_abstract.tex
Overfull \hbox (12.45844pt too wide) in paragraph at lines 26--27
[]\OT1/cmr/m/n/12 Para solu^^Xc~ao da aplica^^Xc~ao, utilizou-se JSP de modo a 
criar p^^Saginas din^amicas
 []


pdfTeX warning (ext4): destination with the same identifier (name{page.i}) has 
been already used, duplicate ignored
<to be read again> 
                   \relax 
l.31 \myPrefaceChapter{Abstract}
                                 [1


] [2

]) [3]
\openout2 = `./00b_PRJ_agradecimentos.aux'.

 (00b_PRJ_agradecimentos.tex
[4




]) [5]
\openout2 = `./00c_PRJ_dedicatoria.aux'.

 (00c_PRJ_dedicatoria.tex [6




]) [7] [8



] (00_PRJ_main.toc [9])
\tf@toc=\write4
\openout4 = `00_PRJ_main.toc'.

 [10]
(00_PRJ_main.lot)
\tf@lot=\write5
\openout5 = `00_PRJ_main.lot'.

 [11

] [12

] (00_PRJ_main.lof)
\tf@lof=\write6
\openout6 = `00_PRJ_main.lof'.

 [13] [14

] (01_PRJ_cap_1_2_3.tex
Cap\'{\i }tulo 1.
<./naDied.png, id=292, 240.29774pt x 241.50224pt>
File: ./naDied.png Graphic file (type png)
<use ./naDied.png>
Package pdftex.def Info: ./naDied.png  used on input line 30.
(pdftex.def)             Requested size: 240.29715pt x 241.50163pt.

Underfull \vbox (badness 10000) has occurred while \output is active []

 [1

]
[2 <./naDied.png>]

LaTeX Warning: `h' float specifier changed to `ht'.


LaTeX Warning: `h' float specifier changed to `ht'.


Overfull \hbox (50.2839pt too wide) in paragraph at lines 124--142
 [][] 
 []


LaTeX Warning: `h' float specifier changed to `ht'.


Underfull \vbox (badness 1571) has occurred while \output is active []

 [3]
Overfull \hbox (0.65277pt too wide) in paragraph at lines 159--159
[]|\OT1/cmr/m/n/12 Obrigat^^Sorio|  
 []


Overfull \vbox (1.0pt too high) detected at line 159
 []


Overfull \vbox (1.0pt too high) detected at line 161
 []


LaTeX Warning: `h' float specifier changed to `ht'.


Overfull \hbox (0.90454pt too wide) in paragraph at lines 177--178
[]\OT1/cmr/m/n/12 Obrigat^^Sorio| 
 []


Overfull \hbox (0.90454pt too wide) in paragraph at lines 188--189
[]\OT1/cmr/m/n/12 Obrigat^^Sorio| 
 []


Overfull \hbox (0.90454pt too wide) in paragraph at lines 190--192
[]\OT1/cmr/m/n/12 Obrigat^^Sorio| 
 []


Overfull \hbox (36.0pt too wide) in paragraph at lines 172--201
[][] 
 []


Underfull \vbox (badness 10000) has occurred while \output is active []

 [4]
Overfull \hbox (24.0pt too wide) in paragraph at lines 214--234
 [][] 
 []

[5] [6] [7] [8

]
Cap\'{\i }tulo 2.

Overfull \hbox (9.32458pt too wide) in paragraph at lines 291--292
\OT1/cmr/m/n/12 tes mais in-te-ra-ti-vos. Go-o-gle [[]] e You-tube [[]]
 []

[9]
Overfull \hbox (36.43051pt too wide) in paragraph at lines 297--298
[][]\OT1/cmr/m/n/12 E dif^^S^^Pcil fa-lar de de-sen-vol-vi-mento Web sem fa-lar
 de HTML [[]].
 []

[10] [11] [12] [13] [14

]
Cap\'{\i }tulo 3.
<./useCases.png, id=422, 551.661pt x 310.15875pt>
File: ./useCases.png Graphic file (type png)
<use ./useCases.png>
Package pdftex.def Info: ./useCases.png  used on input line 378.
(pdftex.def)             Requested size: 468.91406pt x 263.63617pt.

Overfull \hbox (96.53888pt too wide) in paragraph at lines 378--379
[][] 
 []

[15 <./useCases.png>]
<./users.png, id=431, 583.17876pt x 398.48875pt>
File: ./users.png Graphic file (type png)
<use ./users.png>
Package pdftex.def Info: ./users.png  used on input line 404.
(pdftex.def)             Requested size: 408.22235pt x 278.94022pt.

Overfull \hbox (18.22235pt too wide) in paragraph at lines 404--405
[][] 
 []


Underfull \vbox (badness 10000) has occurred while \output is active []

 [16]
<./mission.png, id=436, 402.50375pt x 201.75375pt>
File: ./mission.png Graphic file (type png)
<use ./mission.png>
Package pdftex.def Info: ./mission.png  used on input line 413.
(pdftex.def)             Requested size: 362.25002pt x 181.57669pt.
<./ability.png, id=437, 362.35374pt x 141.52875pt>
File: ./ability.png Graphic file (type png)
<use ./ability.png>
Package pdftex.def Info: ./ability.png  used on input line 422.
(pdftex.def)             Requested size: 326.11536pt x 127.37468pt.

Underfull \vbox (badness 10000) has occurred while \output is active []

 [17 <./users.png> <./mission.png>] [18 <./ability.png>] [19] [20

]
Cap\'{\i }tulo 4.
[21] [22

]
Cap\'{\i }tulo 5.
) (02_PRJ_cap_apendice.tex [23] [24

]
Ap\^endice A.
[25] [26

]
Ap\^endice B.
) [27] [28

] (00_PRJ_main.bbl [29

] [30]
Underfull \hbox (badness 1158) in paragraph at lines 172--175
[]\OT1/cmr/m/n/12 Zuckerberg, M. (2004).  Fa-ce-book.  []$\OT1/cmtt/m/n/12 http
s : / / www .
 []

) [31] (00_PRJ_main.aux (00a_PRJ_resumo_abstract.aux)
(00b_PRJ_agradecimentos.aux) (00c_PRJ_dedicatoria.aux))
Package rerunfilecheck Info: File `00_PRJ_main.out' has not changed.
(rerunfilecheck)             Checksum: F06F623BE69209C9A09E6790DE6E9161;5197.
 ) 
Here is how much of TeX's memory you used:
 12160 strings out of 478582
 192288 string characters out of 2861228
 509997 words of memory out of 3000000
 30005 multiletter control sequences out of 15000+600000
 477246 words of font info for 55 fonts, out of 8000000 for 9000
 1141 hyphenation exceptions out of 8191
 60i,13n,63p,716b,477s stack positions out of 10000i,1000n,20000p,200000b,80000s
 <C:\Users\pncdi\AppData\Local\MiKTeX\fonts/pk/ljfour/jknappen/ec/dpi600\tcrm
1200.pk><D:/Latex/fonts/type1/public/amsfonts/cm/cmbx12.pfb><D:/Latex/fonts/typ
e1/public/amsfonts/cm/cmcsc10.pfb><D:/Latex/fonts/type1/public/amsfonts/cm/cmr1
0.pfb><D:/Latex/fonts/type1/public/amsfonts/cm/cmr12.pfb><D:/Latex/fonts/type1/
public/amsfonts/cm/cmsl12.pfb><D:/Latex/fonts/type1/public/amsfonts/cm/cmti10.p
fb><D:/Latex/fonts/type1/public/amsfonts/cm/cmti12.pfb><D:/Latex/fonts/type1/pu
blic/amsfonts/cm/cmtt12.pfb>
Output written on 00_PRJ_main.pdf (47 pages, 498445 bytes).
PDF statistics:
 625 PDF objects out of 1000 (max. 8388607)
 131 named destinations out of 1000 (max. 500000)
 335 words of extra memory for PDF output out of 10000 (max. 10000000)

